<?xml version="1.0" encoding="UTF-8"?>
<!-- Generated by org.testng.reporters.JUnitReportReporter -->
<testsuite hostname="Arnabs-MacBook-Air.local" failures="0" tests="1" name="testClasses.TC_AccountsOverView" time="7.558" errors="0" timestamp="2025-05-18T19:27:32 IST" skipped="0">
  <testcase classname="testClasses.TC_AccountsOverView" name="accountOverview" time="7.558"/>
</testsuite> <!-- testClasses.TC_AccountsOverView -->
