<?xml version="1.0" encoding="UTF-8"?>
<!-- Generated by org.testng.reporters.JUnitReportReporter -->
<testsuite hostname="Arnabs-MacBook-Air.local" failures="0" tests="1" name="testClasses.TC_AccountsOverView" time="6.399" errors="0" timestamp="2025-05-12T19:59:58 IST" skipped="0">
  <testcase classname="testClasses.TC_AccountsOverView" name="accountOverview" time="6.399"/>
</testsuite> <!-- testClasses.TC_AccountsOverView -->
