<?xml version="1.0" encoding="UTF-8"?>
<!-- Generated by org.testng.reporters.JUnitReportReporter -->
<testsuite hostname="Arnabs-MacBook-Air.local" failures="0" tests="1" name="testClasses.TC_RegisterAccount" time="3.552" errors="0" timestamp="2025-05-18T21:21:33 IST" skipped="0">
  <testcase classname="testClasses.TC_RegisterAccount" name="regsiterAccount" time="3.552"/>
</testsuite> <!-- testClasses.TC_RegisterAccount -->
